<?xml version="1.0" encoding="UTF-8"?>
<!-- Generated by org.testng.reporters.JUnitReportReporter -->
<testsuite hostname="DESKTOP-703RS57" failures="0" tests="1" name="Pac.Facebook" time="9.583" errors="0" timestamp="2022-08-03T09:06:02 IST" skipped="0">
  <testcase classname="Pac.Facebook" name="faceBook" time="9.583"/>
  <system-out/>
</testsuite> <!-- Pac.Facebook -->
